<?xml version="1.0" encoding="UTF-8"?>
<testng-results ignored="0" total="1" passed="1" failed="0" skipped="0">
  <reporter-output>
  </reporter-output>
  <suite started-at="2026-02-16T12:57:50 IST" name="Default suite" finished-at="2026-02-16T12:58:07 IST" duration-ms="16405">
    <groups>
    </groups>
    <test started-at="2026-02-16T12:57:50 IST" name="Default test" finished-at="2026-02-16T12:58:07 IST" duration-ms="16405">
      <class name="testCases.HomepageValidation">
        <test-method is-config="true" signature="setup()[pri:0, instance:testCases.HomepageValidation@4c12331b]" started-at="2026-02-16T12:57:50 IST" name="setup" finished-at="2026-02-16T12:57:55 IST" duration-ms="4982" status="PASS">
          <reporter-output>
          </reporter-output>
        </test-method> <!-- setup -->
        <test-method signature="verify_windowswitch()[pri:0, instance:testCases.HomepageValidation@4c12331b]" started-at="2026-02-16T12:57:55 IST" name="verify_windowswitch" finished-at="2026-02-16T12:58:07 IST" duration-ms="11345" status="PASS">
          <reporter-output>
          </reporter-output>
        </test-method> <!-- verify_windowswitch -->
        <test-method is-config="true" signature="tearDown()[pri:0, instance:testCases.HomepageValidation@4c12331b]" started-at="2026-02-16T12:58:07 IST" name="tearDown" finished-at="2026-02-16T12:58:07 IST" duration-ms="0" status="PASS">
          <reporter-output>
          </reporter-output>
        </test-method> <!-- tearDown -->
      </class> <!-- testCases.HomepageValidation -->
    </test> <!-- Default test -->
  </suite> <!-- Default suite -->
</testng-results>
